<?xml version="1.0" encoding="UTF-8"?>
<robot generator="Robot 6.0.2 (Python 3.11.3 on win32)" generated="20240925 16:14:25.390" rpa="false" schemaversion="3">
<suite id="s1" name="Tests" source="C:\Users\JanHarakTesena\Documents\Tesena\tesenafest_workshops\mobile_automation\robot_zkouska\contact\tests">
<suite id="s1-s1" name="testCase" source="C:\Users\JanHarakTesena\Documents\Tesena\tesenafest_workshops\mobile_automation\robot_zkouska\contact\tests\testCase.robot">
<test id="s1-s1-t1" name="Open And Swipe Down Up" line="29">
<kw name="Open App" library="init" type="SETUP">
<kw name="Open Application" library="AppiumLibrary">
<arg>${appium_server}</arg>
<arg>platformName=${platform}</arg>
<arg>deviceName=${adbDevice}</arg>
<arg>appPackage=${package_name}</arg>
<arg>appActivity=${AppMainActivity}</arg>
<arg>automationName=${ANDROID_AUTOMATION_NAME}</arg>
<arg>noReset=${resetoff}</arg>
<doc>Opens a new application to given Appium server.
Capabilities of appium server, Android and iOS,
Please check https://github.com/appium/appium/blob/master/docs/en/writing-running-appium/server-args.md
| *Option*            | *Man.* | *Description*     |
| remote_url          | Yes    | Appium server url |
| alias               | no     | alias             |
| strict_ssl          | No     | allows you to send commands to an invalid certificate host like a self-signed one. |</doc>
<status status="PASS" starttime="20240925 16:14:25.694" endtime="20240925 16:14:32.781"/>
</kw>
<kw name="Set Global Variable" library="BuiltIn">
<arg>${package_name}</arg>
<doc>Makes a variable available globally in all tests and suites.</doc>
<msg timestamp="20240925 16:14:32.781" level="INFO">${package_name} = com.google.android.contacts</msg>
<status status="PASS" starttime="20240925 16:14:32.781" endtime="20240925 16:14:32.781"/>
</kw>
<status status="PASS" starttime="20240925 16:14:25.694" endtime="20240925 16:14:32.782"/>
</kw>
<kw name="Wait Until Element Is Visible" library="AppiumLibrary">
<arg>xpath=//android.widget.Button[@resource-id='com.android.permissioncontroller:id/permission_deny_button']</arg>
<doc>Waits until element specified with `locator` is visible.</doc>
<msg timestamp="20240925 16:14:35.620" level="INFO">xpath criteria: //android.widget.Button[@resource-id='com.android.permissioncontroller:id/permission_deny_button']
xpath criteria: //android.widget.Button[@resource-id='com.android.permissioncontroller:id/permission_deny_button']</msg>
<status status="PASS" starttime="20240925 16:14:32.782" endtime="20240925 16:14:35.620"/>
</kw>
<kw name="Click Element" library="AppiumLibrary">
<arg>xpath=//android.widget.Button[@resource-id='com.android.permissioncontroller:id/permission_deny_button']</arg>
<doc>Click element identified by `locator`.</doc>
<msg timestamp="20240925 16:14:35.637" level="INFO">Clicking element 'xpath=//android.widget.Button[@resource-id='com.android.permissioncontroller:id/permission_deny_button']'.</msg>
<msg timestamp="20240925 16:14:35.867" level="INFO">xpath criteria: //android.widget.Button[@resource-id='com.android.permissioncontroller:id/permission_deny_button']</msg>
<status status="PASS" starttime="20240925 16:14:35.635" endtime="20240925 16:14:35.867"/>
</kw>
<kw name="Wait Until Element Is Visible" library="AppiumLibrary">
<arg>accessibility_id=Create contact</arg>
<doc>Waits until element specified with `locator` is visible.</doc>
<status status="PASS" starttime="20240925 16:14:35.871" endtime="20240925 16:14:38.806"/>
</kw>
<kw name="Click Element" library="AppiumLibrary">
<arg>accessibility_id=Create contact</arg>
<doc>Click element identified by `locator`.</doc>
<msg timestamp="20240925 16:14:38.808" level="INFO">Clicking element 'accessibility_id=Create contact'.</msg>
<status status="PASS" starttime="20240925 16:14:38.807" endtime="20240925 16:14:38.980"/>
</kw>
<kw name="Wait Until Element Is Visible" library="AppiumLibrary">
<arg>xpath=//android.widget.ImageButton[@content-desc="Cancel"]</arg>
<doc>Waits until element specified with `locator` is visible.</doc>
<msg timestamp="20240925 16:14:42.013" level="INFO">xpath criteria: //android.widget.ImageButton[@content-desc="Cancel"]
xpath criteria: //android.widget.ImageButton[@content-desc="Cancel"]</msg>
<status status="PASS" starttime="20240925 16:14:38.981" endtime="20240925 16:14:42.013"/>
</kw>
<kw name="Click Element" library="AppiumLibrary">
<arg>xpath=//android.widget.ImageButton[@content-desc="Cancel"]</arg>
<doc>Click element identified by `locator`.</doc>
<msg timestamp="20240925 16:14:42.015" level="INFO">Clicking element 'xpath=//android.widget.ImageButton[@content-desc="Cancel"]'.</msg>
<msg timestamp="20240925 16:14:42.226" level="INFO">xpath criteria: //android.widget.ImageButton[@content-desc="Cancel"]</msg>
<status status="PASS" starttime="20240925 16:14:42.014" endtime="20240925 16:14:42.227"/>
</kw>
<kw name="Swipe" library="AppiumLibrary">
<arg>500</arg>
<arg>1500</arg>
<arg>500</arg>
<arg>500</arg>
<arg>1000</arg>
<doc>Swipe from one point to another point, for an optional duration.</doc>
<status status="PASS" starttime="20240925 16:14:42.227" endtime="20240925 16:14:46.162"/>
</kw>
<kw name="Swipe" library="AppiumLibrary">
<arg>500</arg>
<arg>1500</arg>
<arg>500</arg>
<arg>500</arg>
<arg>1000</arg>
<doc>Swipe from one point to another point, for an optional duration.</doc>
<status status="PASS" starttime="20240925 16:14:46.163" endtime="20240925 16:14:48.429"/>
</kw>
<kw name="Swipe" library="AppiumLibrary">
<arg>500</arg>
<arg>500</arg>
<arg>500</arg>
<arg>1500</arg>
<arg>1000</arg>
<doc>Swipe from one point to another point, for an optional duration.</doc>
<status status="PASS" starttime="20240925 16:14:48.430" endtime="20240925 16:14:50.770"/>
</kw>
<kw name="Swipe" library="AppiumLibrary">
<arg>500</arg>
<arg>500</arg>
<arg>500</arg>
<arg>1500</arg>
<arg>1000</arg>
<doc>Swipe from one point to another point, for an optional duration.</doc>
<status status="PASS" starttime="20240925 16:14:50.771" endtime="20240925 16:14:53.022"/>
</kw>
<kw name="Close Application" library="AppiumLibrary" type="TEARDOWN">
<doc>Closes the current application and also close webdriver session.</doc>
<status status="PASS" starttime="20240925 16:14:53.023" endtime="20240925 16:14:53.848"/>
</kw>
<tag>02</tag>
<status status="PASS" starttime="20240925 16:14:25.693" endtime="20240925 16:14:53.851"/>
</test>
<status status="PASS" starttime="20240925 16:14:25.409" endtime="20240925 16:14:53.854"/>
</suite>
<status status="PASS" starttime="20240925 16:14:25.391" endtime="20240925 16:14:53.859"/>
</suite>
<statistics>
<total>
<stat pass="1" fail="0" skip="0">All Tests</stat>
</total>
<tag>
<stat pass="1" fail="0" skip="0">02</stat>
</tag>
<suite>
<stat pass="1" fail="0" skip="0" id="s1" name="Tests">Tests</stat>
<stat pass="1" fail="0" skip="0" id="s1-s1" name="testCase">Tests.testCase</stat>
</suite>
</statistics>
<errors>
</errors>
</robot>
