<?xml version="1.0" encoding="UTF-8"?>
<robot generator="Robot 6.0.2 (Python 3.11.3 on win32)" generated="20240925 16:12:46.477" rpa="false" schemaversion="3">
<suite id="s1" name="Tests" source="C:\Users\JanHarakTesena\Documents\Tesena\tesenafest_workshops\mobile_automation\robot_zkouska\fershare\tests">
<suite id="s1-s1" name="Test" source="C:\Users\JanHarakTesena\Documents\Tesena\tesenafest_workshops\mobile_automation\robot_zkouska\fershare\tests\test.robot">
<test id="s1-s1-t1" name="Calculate fuel consume with Screen Object" line="60">
<kw name="Open App" library="init" type="SETUP">
<if>
<branch type="IF" condition="${runOnRealDevice}">
<kw name="Open App On Real Device" library="init">
<status status="NOT RUN" starttime="20240925 16:12:46.813" endtime="20240925 16:12:46.813"/>
</kw>
<status status="NOT RUN" starttime="20240925 16:12:46.813" endtime="20240925 16:12:46.813"/>
</branch>
<branch type="ELSE">
<kw name="Open App On Emulator" library="init">
<kw name="Open Application" library="AppiumLibrary">
<arg>${appium_server}</arg>
<arg>platformName=${platform}</arg>
<arg>deviceName=${adbDevice}</arg>
<arg>app=${appLocation}</arg>
<arg>appPackage=${package_name}</arg>
<arg>appActivity=${AppMainActivity}</arg>
<arg>automationName=${ANDROID_AUTOMATION_NAME}</arg>
<arg>noReset=${resetoff}</arg>
<arg>ignoreHiddenApiPolicyError=${ignoreHiddenApiPolicyError}</arg>
<doc>Opens a new application to given Appium server.
Capabilities of appium server, Android and iOS,
Please check https://github.com/appium/appium/blob/master/docs/en/writing-running-appium/server-args.md
| *Option*            | *Man.* | *Description*     |
| remote_url          | Yes    | Appium server url |
| alias               | no     | alias             |
| strict_ssl          | No     | allows you to send commands to an invalid certificate host like a self-signed one. |</doc>
<status status="PASS" starttime="20240925 16:12:46.814" endtime="20240925 16:12:54.667"/>
</kw>
<status status="PASS" starttime="20240925 16:12:46.813" endtime="20240925 16:12:54.667"/>
</kw>
<status status="PASS" starttime="20240925 16:12:46.813" endtime="20240925 16:12:54.667"/>
</branch>
<status status="PASS" starttime="20240925 16:12:46.812" endtime="20240925 16:12:54.667"/>
</if>
<status status="PASS" starttime="20240925 16:12:46.812" endtime="20240925 16:12:54.667"/>
</kw>
<kw name="Zadej pocet km" library="mainPage">
<arg>420</arg>
<kw name="Wait Until Page Contains Element" library="AppiumLibrary">
<arg>${pocetKm}</arg>
<doc>Waits until element specified with `locator` appears on current page.</doc>
<msg timestamp="20240925 16:12:56.283" level="INFO">criteria is com.FerShare.fershare:id/editTextTotalkm</msg>
<status status="PASS" starttime="20240925 16:12:54.669" endtime="20240925 16:12:56.284"/>
</kw>
<kw name="Input Text" library="AppiumLibrary">
<arg>${pocetKm}</arg>
<arg>${hodnota}</arg>
<doc>Types the given `text` into text field identified by `locator`.</doc>
<msg timestamp="20240925 16:12:56.286" level="INFO">Typing text '420' into text field 'com.FerShare.fershare:id/editTextTotalkm'</msg>
<msg timestamp="20240925 16:12:57.229" level="INFO">criteria is com.FerShare.fershare:id/editTextTotalkm</msg>
<status status="PASS" starttime="20240925 16:12:56.284" endtime="20240925 16:12:57.230"/>
</kw>
<status status="PASS" starttime="20240925 16:12:54.668" endtime="20240925 16:12:57.230"/>
</kw>
<kw name="Zadej spotřebu na km" library="mainPage">
<arg>5.8</arg>
<kw name="Wait Until Page Contains Element" library="AppiumLibrary">
<arg>${prumernaSpotreba}</arg>
<doc>Waits until element specified with `locator` appears on current page.</doc>
<msg timestamp="20240925 16:12:57.781" level="INFO">criteria is com.FerShare.fershare:id/editTextFuelConsume</msg>
<status status="PASS" starttime="20240925 16:12:57.231" endtime="20240925 16:12:57.781"/>
</kw>
<kw name="Input Text" library="AppiumLibrary">
<arg>${prumernaSpotreba}</arg>
<arg>${hodnota}</arg>
<doc>Types the given `text` into text field identified by `locator`.</doc>
<msg timestamp="20240925 16:12:57.783" level="INFO">Typing text '5.8' into text field 'com.FerShare.fershare:id/editTextFuelConsume'</msg>
<msg timestamp="20240925 16:12:57.913" level="INFO">criteria is com.FerShare.fershare:id/editTextFuelConsume</msg>
<status status="PASS" starttime="20240925 16:12:57.781" endtime="20240925 16:12:57.913"/>
</kw>
<status status="PASS" starttime="20240925 16:12:57.230" endtime="20240925 16:12:57.913"/>
</kw>
<kw name="Zadej cenu paliva" library="mainPage">
<arg>39.90</arg>
<kw name="Wait Until Page Contains Element" library="AppiumLibrary">
<arg>${cenaZaLitr}</arg>
<doc>Waits until element specified with `locator` appears on current page.</doc>
<msg timestamp="20240925 16:12:58.457" level="INFO">criteria is com.FerShare.fershare:id/editTextPricePerLiter</msg>
<status status="PASS" starttime="20240925 16:12:57.916" endtime="20240925 16:12:58.458"/>
</kw>
<kw name="Input Text" library="AppiumLibrary">
<arg>${cenaZaLitr}</arg>
<arg>${hodnota}</arg>
<doc>Types the given `text` into text field identified by `locator`.</doc>
<msg timestamp="20240925 16:12:58.459" level="INFO">Typing text '39.90' into text field 'com.FerShare.fershare:id/editTextPricePerLiter'</msg>
<msg timestamp="20240925 16:12:59.038" level="INFO">criteria is com.FerShare.fershare:id/editTextPricePerLiter</msg>
<status status="PASS" starttime="20240925 16:12:58.458" endtime="20240925 16:12:59.038"/>
</kw>
<status status="PASS" starttime="20240925 16:12:57.916" endtime="20240925 16:12:59.039"/>
</kw>
<kw name="Zadej pocet osob" library="mainPage">
<arg>3</arg>
<kw name="Wait Until Page Contains Element" library="AppiumLibrary">
<arg>${pocetOsob}</arg>
<doc>Waits until element specified with `locator` appears on current page.</doc>
<msg timestamp="20240925 16:12:59.580" level="INFO">criteria is com.FerShare.fershare:id/editTextNumPerson</msg>
<status status="PASS" starttime="20240925 16:12:59.040" endtime="20240925 16:12:59.580"/>
</kw>
<kw name="Input Text" library="AppiumLibrary">
<arg>${pocetOsob}</arg>
<arg>${hodnota}</arg>
<doc>Types the given `text` into text field identified by `locator`.</doc>
<msg timestamp="20240925 16:12:59.581" level="INFO">Typing text '3' into text field 'com.FerShare.fershare:id/editTextNumPerson'</msg>
<msg timestamp="20240925 16:13:00.614" level="INFO">criteria is com.FerShare.fershare:id/editTextNumPerson</msg>
<status status="PASS" starttime="20240925 16:12:59.580" endtime="20240925 16:13:00.614"/>
</kw>
<status status="PASS" starttime="20240925 16:12:59.040" endtime="20240925 16:13:00.614"/>
</kw>
<kw name="Zadej další náklady" library="mainPage">
<arg>720</arg>
<kw name="Wait Until Page Contains Element" library="AppiumLibrary">
<arg>${dalsiNaklady}</arg>
<doc>Waits until element specified with `locator` appears on current page.</doc>
<msg timestamp="20240925 16:13:01.150" level="INFO">criteria is com.FerShare.fershare:id/editOtherCosts</msg>
<status status="PASS" starttime="20240925 16:13:00.615" endtime="20240925 16:13:01.150"/>
</kw>
<kw name="Input Text" library="AppiumLibrary">
<arg>${dalsiNaklady}</arg>
<arg>${hodnota}</arg>
<doc>Types the given `text` into text field identified by `locator`.</doc>
<msg timestamp="20240925 16:13:01.151" level="INFO">Typing text '720' into text field 'com.FerShare.fershare:id/editOtherCosts'</msg>
<msg timestamp="20240925 16:13:01.747" level="INFO">criteria is com.FerShare.fershare:id/editOtherCosts</msg>
<status status="PASS" starttime="20240925 16:13:01.150" endtime="20240925 16:13:01.747"/>
</kw>
<status status="PASS" starttime="20240925 16:13:00.615" endtime="20240925 16:13:01.747"/>
</kw>
<kw name="Klikni na spočítat" library="mainPage">
<kw name="Klikni na" library="mainPage">
<arg>${tlacikoSpocitat}</arg>
<kw name="Wait Until Page Contains Element" library="AppiumLibrary">
<arg>${locator}</arg>
<doc>Waits until element specified with `locator` appears on current page.</doc>
<msg timestamp="20240925 16:13:02.307" level="INFO">criteria is com.FerShare.fershare:id/btnCalculate</msg>
<status status="PASS" starttime="20240925 16:13:01.748" endtime="20240925 16:13:02.308"/>
</kw>
<kw name="Click Element" library="AppiumLibrary">
<arg>${locator}</arg>
<doc>Click element identified by `locator`.</doc>
<msg timestamp="20240925 16:13:02.309" level="INFO">Clicking element 'com.FerShare.fershare:id/btnCalculate'.</msg>
<msg timestamp="20240925 16:13:02.504" level="INFO">criteria is com.FerShare.fershare:id/btnCalculate</msg>
<status status="PASS" starttime="20240925 16:13:02.308" endtime="20240925 16:13:02.504"/>
</kw>
<status status="PASS" starttime="20240925 16:13:01.748" endtime="20240925 16:13:02.504"/>
</kw>
<status status="PASS" starttime="20240925 16:13:01.748" endtime="20240925 16:13:02.504"/>
</kw>
<kw name="Zkontroluj celkovou cenu" library="mainPage">
<arg>1691.96</arg>
<kw name="Get Text" library="AppiumLibrary">
<var>${totalPrice}</var>
<arg>${cenaCelkem}</arg>
<doc>Get element text (for hybrid and mobile browser use `xpath` locator, others might cause problem)</doc>
<msg timestamp="20240925 16:13:03.209" level="INFO">Element 'com.FerShare.fershare:id/resultPriceValue' text is '1691.96' </msg>
<msg timestamp="20240925 16:13:03.209" level="INFO">criteria is com.FerShare.fershare:id/resultPriceValue</msg>
<msg timestamp="20240925 16:13:03.210" level="INFO">${totalPrice} = 1691.96</msg>
<status status="PASS" starttime="20240925 16:13:02.514" endtime="20240925 16:13:03.210"/>
</kw>
<kw name="Should Be Equal" library="BuiltIn">
<arg>${totalPrice}</arg>
<arg>${hodnota}</arg>
<doc>Fails if the given objects are unequal.</doc>
<status status="PASS" starttime="20240925 16:13:03.210" endtime="20240925 16:13:03.210"/>
</kw>
<status status="PASS" starttime="20240925 16:13:02.514" endtime="20240925 16:13:03.210"/>
</kw>
<kw name="Zkontroluj celkovou cenu za jednotlivce" library="mainPage">
<arg>563.99</arg>
<kw name="Get Text" library="AppiumLibrary">
<var>${totalPrice}</var>
<arg>${cenaZaJednotlice}</arg>
<doc>Get element text (for hybrid and mobile browser use `xpath` locator, others might cause problem)</doc>
<msg timestamp="20240925 16:13:03.315" level="INFO">Element 'com.FerShare.fershare:id/resultPricePerPersonValue' text is '563.99' </msg>
<msg timestamp="20240925 16:13:03.315" level="INFO">criteria is com.FerShare.fershare:id/resultPricePerPersonValue</msg>
<msg timestamp="20240925 16:13:03.316" level="INFO">${totalPrice} = 563.99</msg>
<status status="PASS" starttime="20240925 16:13:03.211" endtime="20240925 16:13:03.316"/>
</kw>
<kw name="Should Be Equal" library="BuiltIn">
<arg>${totalPrice}</arg>
<arg>${hodnota}</arg>
<doc>Fails if the given objects are unequal.</doc>
<status status="PASS" starttime="20240925 16:13:03.316" endtime="20240925 16:13:03.316"/>
</kw>
<status status="PASS" starttime="20240925 16:13:03.211" endtime="20240925 16:13:03.316"/>
</kw>
<kw name="Close App" library="init" type="TEARDOWN">
<kw name="Terminate Application" library="AppiumLibrary">
<arg>${package_name}</arg>
<doc>Terminate the given app on the device</doc>
<status status="PASS" starttime="20240925 16:13:03.317" endtime="20240925 16:13:04.052"/>
</kw>
<status status="PASS" starttime="20240925 16:13:03.317" endtime="20240925 16:13:04.053"/>
</kw>
<doc>Happy scenar pro vypocet spotřeby a ceny</doc>
<tag>happyPath</tag>
<tag>TC01</tag>
<status status="PASS" starttime="20240925 16:12:46.812" endtime="20240925 16:13:04.053"/>
</test>
<status status="PASS" starttime="20240925 16:12:46.502" endtime="20240925 16:13:04.057"/>
</suite>
<status status="PASS" starttime="20240925 16:12:46.479" endtime="20240925 16:13:04.060"/>
</suite>
<statistics>
<total>
<stat pass="1" fail="0" skip="0">All Tests</stat>
</total>
<tag>
<stat pass="1" fail="0" skip="0">happyPath</stat>
<stat pass="1" fail="0" skip="0">TC01</stat>
</tag>
<suite>
<stat pass="1" fail="0" skip="0" id="s1" name="Tests">Tests</stat>
<stat pass="1" fail="0" skip="0" id="s1-s1" name="Test">Tests.Test</stat>
</suite>
</statistics>
<errors>
</errors>
</robot>
